POST /api/v1/auth/send-otp 200 93 - 89.749 ms
POST /api/v1/auth/verify-otp 200 638 - 230.034 ms
GET /api/v1/parents/me 200 - - 384.997 ms
POST /api/v1/auth/send-otp 200 93 - 123.827 ms
POST /api/v1/auth/verify-otp 200 638 - 212.750 ms
GET /api/v1/parents/me 200 - - 460.505 ms
POST /api/v1/auth/send-otp 200 93 - 127.499 ms
POST /api/v1/auth/verify-otp 200 638 - 247.079 ms
GET /api/v1/parents/me 200 - - 512.928 ms
PATCH /api/v1/parents/me/profile 400 426 - 219.040 ms
POST /api/v1/auth/logout 401 - - 49.911 ms
POST /api/v1/auth/send-otp 200 93 - 130.822 ms
POST /api/v1/auth/verify-otp 200 638 - 220.851 ms
GET /api/v1/parents/me 200 - - 417.594 ms
PATCH /api/v1/parents/me/profile 400 196 - 193.487 ms
POST /api/v1/auth/logout 401 - - 50.640 ms
POST /api/v1/auth/send-otp 200 93 - 108.086 ms
POST /api/v1/auth/verify-otp 200 638 - 248.477 ms
GET /api/v1/parents/me 200 - - 222.294 ms
PATCH /api/v1/parents/me/profile 400 196 - 190.438 ms
POST /api/auth/send-otp 404 159 - 1.303 ms
POST /api/auth/super-admin 404 162 - 0.952 ms
POST /api/auth/send-otp 404 159 - 1.075 ms
POST /api/v1/auth/send-otp 200 93 - 43.235 ms
POST /api/v1/auth/verify-otp 200 638 - 179.959 ms
PATCH /api/parents/me/profile 404 165 - 17.504 ms
PATCH /api/v1/parents/me/profile 200 50 - 275.066 ms
POST /api/v1/auth/send-otp 200 93 - 107.633 ms
POST /api/v1/auth/verify-otp 200 638 - 212.047 ms
GET /api/v1/parents/me 200 - - 410.369 ms
PATCH /api/v1/parents/me/profile 400 196 - 189.656 ms
PATCH /api/v1/parents/me/profile 200 50 - 321.120 ms
GET /api/v1/parents/me 200 - - 568.836 ms
POST /api/v1/auth/send-otp 200 93 - 108.712 ms
POST /api/v1/auth/verify-otp 200 638 - 244.162 ms
GET /api/v1/parents/me 200 - - 455.317 ms
PATCH /api/v1/parents/me/profile 200 50 - 223.847 ms
GET /api/v1/parents/me 200 - - 451.649 ms
POST /api/v1/auth/send-otp 200 93 - 96.519 ms
POST /api/v1/auth/verify-otp 200 638 - 193.115 ms
GET /api/v1/parents/me 200 - - 490.538 ms
POST /api/v1/auth/send-otp 200 93 - 138.661 ms
POST /api/v1/auth/verify-otp 200 638 - 305.109 ms
GET /api/v1/parents/me 200 - - 446.623 ms
POST /api/v1/auth/send-otp 200 93 - 128.925 ms
POST /api/v1/auth/verify-otp 200 637 - 257.262 ms
GET /api/v1/parents/me 200 224 - 533.312 ms
POST /api/v1/auth/send-otp 200 93 - 86.322 ms
POST /api/v1/auth/verify-otp 200 638 - 225.692 ms
GET /api/v1/parents/me 200 224 - 371.596 ms
POST /api/v1/auth/logout 401 - - 47.057 ms
POST /api/v1/auth/send-otp 200 93 - 116.117 ms
POST /api/v1/auth/verify-otp 200 638 - 196.948 ms
GET /api/v1/parents/me 200 224 - 232.292 ms
POST /api/v1/auth/super-admin 200 677 - 309.928 ms
POST /api/orders 404 152 - 9.680 ms
POST /api/v1/orders 400 719 - 183.467 ms
POST /api/v1/orders 400 719 - 128.842 ms
POST /api/v1/orders 400 719 - 157.041 ms
POST /api/v1/orders 201 - - 160.775 ms
PATCH /api/v1/orders/b1af97ed-5733-4fbf-8f83-13e8750575e9/confirm 404 656 - 270.013 ms
PATCH /api/v1/orders/5664f1e5-906e-4e9d-b7b0-98dcc2d176ac/confirm 200 - - 285.983 ms
POST /api/v1/orders/5664f1e5-906e-4e9d-b7b0-98dcc2d176ac/invoice/advance 201 - - 230.672 ms
PATCH /api/v1/orders/5664f1e5-906e-4e9d-b7b0-98dcc2d176ac/payment/advance 200 - - 160.185 ms
POST /api/v1/orders/5664f1e5-906e-4e9d-b7b0-98dcc2d176ac/generate 201 140 - 3117.769 ms
POST /api/v1/orders/5664f1e5-906e-4e9d-b7b0-98dcc2d176ac/design 201 - - 240.133 ms
PATCH /api/v1/orders/5664f1e5-906e-4e9d-b7b0-98dcc2d176ac/vendor 404 512 - 141.655 ms
PATCH /api/v1/orders/5664f1e5-906e-4e9d-b7b0-98dcc2d176ac/vendor 200 - - 276.972 ms
PATCH /api/v1/orders/5664f1e5-906e-4e9d-b7b0-98dcc2d176ac/printing/start 200 - - 141.444 ms
PATCH /api/v1/orders/5664f1e5-906e-4e9d-b7b0-98dcc2d176ac/printing/complete 200 - - 150.094 ms
POST /api/v1/orders/5664f1e5-906e-4e9d-b7b0-98dcc2d176ac/shipment 201 - - 147.297 ms
PATCH /api/v1/orders/5664f1e5-906e-4e9d-b7b0-98dcc2d176ac/shipment/shipped 200 - - 141.264 ms
PATCH /api/v1/orders/5664f1e5-906e-4e9d-b7b0-98dcc2d176ac/shipment/delivered 200 - - 174.679 ms
POST /api/v1/orders/5664f1e5-906e-4e9d-b7b0-98dcc2d176ac/invoice/balance 201 632 - 169.001 ms
POST /api/v1/orders/5664f1e5-906e-4e9d-b7b0-98dcc2d176ac/invoice/balance 409 578 - 300.155 ms
PATCH /api/v1/orders/5664f1e5-906e-4e9d-b7b0-98dcc2d176ac/payment/balance 200 - - 146.340 ms
POST /api/v1/auth/logout 200 52 - 294.559 ms
POST /api/v1/auth/register/init 200 201 - 132.156 ms
POST /api/v1/auth/register/verify 200 713 - 305.004 ms
POST /api/v1/auth/register/verify 400 665 - 124.044 ms
POST /api/v1/auth/register/init 409 696 - 47.635 ms
POST /api/v1/auth/send-otp 200 93 - 80.918 ms
POST /api/v1/auth/verify-otp 200 655 - 186.357 ms
POST /api/v1/auth/send-otp 200 93 - 80.618 ms
POST /api/v1/auth/verify-otp 200 655 - 162.693 ms
GET /api/v1/parents/me 200 1007 - 360.710 ms
POST /api/v1/auth/register/init 200 201 - 149.868 ms
POST /api/v1/auth/register/verify 200 713 - 305.600 ms
POST /api/v1/auth/register/verify 400 665 - 126.365 ms
POST /api/v1/auth/register/verify 400 665 - 154.729 ms
POST /api/v1/auth/register/init 409 696 - 45.492 ms
POST /api/v1/auth/send-otp 200 93 - 89.606 ms
POST /api/v1/auth/verify-otp 400 678 - 218.247 ms
POST /api/v1/auth/send-otp 200 93 - 135.778 ms
POST /api/v1/auth/verify-otp 200 655 - 175.832 ms
GET /api/v1/parents/me 200 1007 - 353.345 ms
POST /api/v1/auth/register/init 200 201 - 172.272 ms
POST /api/v1/auth/register/verify 200 713 - 282.689 ms
POST /api/v1/auth/register/verify 400 665 - 256.427 ms
POST /api/v1/auth/register/init 200 201 - 131.869 ms
POST /api/v1/auth/register/verify 200 713 - 276.607 ms
POST /api/v1/auth/register/init 200 201 - 130.798 ms
POST /api/v1/auth/register/verify 200 713 - 266.627 ms
GET /api/v1/parents/me 200 1007 - 480.988 ms
PATCH /api/v1/parents/me/profile 200 50 - 234.171 ms
GET /api/v1/parents/me 200 - - 440.885 ms
GET /api/v1/parents/me 200 - - 208.683 ms
POST /api/v1/auth/send-otp 200 93 - 91.143 ms
POST /api/v1/auth/verify-otp 200 655 - 185.687 ms
GET /api/v1/parents/me 200 - - 421.217 ms
POST /api/v1/auth/send-otp 200 93 - 126.141 ms
POST /api/v1/auth/verify-otp 200 655 - 389.982 ms
GET /api/v1/parents/me 200 - - 577.499 ms
PATCH /api/v1/parents/me/profile 200 50 - 270.221 ms
GET /api/v1/parents/me 200 - - 362.314 ms
GET /api/v1/parents/me/scans?limit=20&filter=all 200 85 - 199.168 ms
PATCH /api/v1/parents/me/notifications 200 50 - 361.616 ms
GET /api/v1/parents/me 200 - - 430.734 ms
PATCH /api/v1/parents/me/notifications 200 50 - 224.729 ms
GET /api/v1/parents/me 200 - - 268.786 ms
PATCH /api/v1/parents/me/notifications 200 50 - 212.504 ms
GET /api/v1/parents/me 200 - - 262.433 ms
PATCH /api/v1/parents/me/notifications 200 50 - 256.950 ms
GET /api/v1/parents/me 200 - - 262.193 ms
PATCH /api/v1/parents/me/location-consent 500 74 - 214.088 ms
PATCH /api/v1/parents/me/location-consent 500 74 - 198.006 ms
POST /api/v1/auth/send-otp 200 93 - 128.971 ms
POST /api/v1/auth/verify-otp 200 655 - 287.402 ms
GET /api/v1/parents/me 200 - - 529.309 ms
POST /api/v1/auth/logout 401 - - 57.073 ms
POST /api/v1/auth/send-otp 200 93 - 91.725 ms
POST /api/v1/auth/verify-otp 200 655 - 188.381 ms
GET /api/v1/parents/me 200 - - 247.438 ms
POST /api/v1/auth/register/init 200 201 - 198.427 ms
POST /api/v1/auth/register/verify 200 713 - 316.797 ms
GET /api/v1/parents/me 200 - - 693.219 ms
PATCH /api/v1/parents/me/profile 200 50 - 246.331 ms
GET /api/v1/parents/me 200 - - 692.976 ms
GET /api/v1/parents/me 200 - - 225.007 ms
POST /api/v1/auth/send-otp 200 93 - 93.867 ms
POST /api/v1/auth/verify-otp 200 655 - 218.504 ms
GET /api/v1/parents/me 200 - - 373.988 ms
POST /api/v1/auth/send-otp 200 93 - 132.181 ms
POST /api/v1/auth/verify-otp 200 655 - 554.203 ms
GET /api/v1/parents/me 200 - - 436.329 ms
GET /api/v1/parents/me/scans?limit=20&filter=all 200 85 - 191.933 ms
POST /api/v1/auth/send-otp 200 93 - 120.638 ms
POST /api/v1/auth/verify-otp 200 655 - 224.533 ms
GET /api/v1/parents/me 200 - - 473.917 ms
OPTIONS /api/v1/auth/super-admin 204 0 - 2.288 ms
POST /api/v1/auth/super-admin 401 557 - 356.849 ms
POST /api/v1/auth/refresh 400 1439 - 0.866 ms
POST /api/v1/auth/super-admin 401 557 - 346.299 ms
POST /api/v1/auth/refresh 400 1439 - 0.812 ms
OPTIONS /api/v1/auth/school 204 0 - 3.187 ms
POST /api/v1/auth/school 401 558 - 306.600 ms
OPTIONS /api/v1/auth/refresh 204 0 - 0.345 ms
POST /api/v1/auth/refresh 500 - - 5.638 ms
POST /api/v1/auth/school 401 558 - 269.937 ms
POST /api/v1/auth/refresh 500 - - 1.968 ms
POST /api/v1/auth/school 401 558 - 262.450 ms
OPTIONS /api/v1/auth/school 204 0 - 0.355 ms
POST /api/v1/auth/school 200 779 - 306.743 ms
GET /api/v1/auth/me 404 155 - 1.049 ms
OPTIONS /api/v1/auth/school 204 0 - 0.319 ms
POST /api/v1/auth/school 200 779 - 268.004 ms
OPTIONS /api/v1/school/4b37cafd-d57d-470b-89f5-03429711e0a7/dashboard 204 0 - 0.333 ms
GET /api/v1/school/4b37cafd-d57d-470b-89f5-03429711e0a7/dashboard 404 201 - 0.593 ms
GET /api/v1/school/4b37cafd-d57d-470b-89f5-03429711e0a7/dashboard 404 201 - 1.233 ms
GET /api/v1/auth/me 404 155 - 0.724 ms
OPTIONS /api/v1/auth/super-admin 204 0 - 0.645 ms
POST /api/v1/auth/super-admin 401 557 - 286.083 ms
POST /api/v1/auth/refresh 400 1439 - 1.058 ms
POST /api/v1/auth/school 200 779 - 317.788 ms
GET /api/v1/school/4b37cafd-d57d-470b-89f5-03429711e0a7/dashboard 404 201 - 1.081 ms
GET /api/v1/school-admin/4b37cafd-d57d-470b-89f5-03429711e0a7/dashboard 401 - - 3.122 ms
OPTIONS /api/v1/auth/refresh 204 0 - 0.456 ms
POST /api/v1/auth/refresh 500 - - 2.273 ms
OPTIONS /api/v1/auth/school 204 0 - 0.418 ms
POST /api/v1/auth/school 200 779 - 1299.370 ms
GET /api/v1/school-admin/4b37cafd-d57d-470b-89f5-03429711e0a7/dashboard 401 - - 1.319 ms
POST /api/v1/auth/refresh 500 - - 2.007 ms
POST /api/v1/auth/school 200 779 - 286.468 ms
GET /api/v1/school-admin/4b37cafd-d57d-470b-89f5-03429711e0a7/dashboard 401 - - 1.577 ms
POST /api/v1/auth/refresh 500 - - 1.912 ms
OPTIONS /api/v1/auth/school 204 0 - 2.512 ms
POST /api/v1/auth/school 200 779 - 356.000 ms
OPTIONS /api/v1/school-admin/4b37cafd-d57d-470b-89f5-03429711e0a7/dashboard 204 0 - 0.873 ms
GET /api/v1/school-admin/4b37cafd-d57d-470b-89f5-03429711e0a7/dashboard 200 776 - 482.833 ms
GET /api/v1/school-admin/4b37cafd-d57d-470b-89f5-03429711e0a7/dashboard 200 776 - 307.012 ms
GET /api/v1/school-admin/4b37cafd-d57d-470b-89f5-03429711e0a7/dashboard 200 776 - 240.243 ms
GET /api/v1/school-admin/4b37cafd-d57d-470b-89f5-03429711e0a7/dashboard 200 776 - 215.769 ms
GET /api/v1/school-admin/4b37cafd-d57d-470b-89f5-03429711e0a7/dashboard 200 776 - 197.298 ms
GET /api/v1/school-admin/4b37cafd-d57d-470b-89f5-03429711e0a7/dashboard 401 - - 8.839 ms
OPTIONS /api/v1/auth/refresh 204 0 - 0.618 ms
POST /api/v1/auth/refresh 500 - - 13.139 ms
OPTIONS /api/v1/auth/school 204 0 - 2.600 ms
POST /api/v1/auth/school 500 696 - 288.232 ms
POST /api/v1/auth/school 200 771 - 304.253 ms
GET /api/v1/school-admin/4b37cafd-d57d-470b-89f5-03429711e0a7/dashboard 401 - - 4.618 ms
POST /api/v1/auth/refresh 500 - - 3.179 ms
POST /api/v1/auth/school 200 771 - 301.842 ms
GET /api/v1/school-admin/4b37cafd-d57d-470b-89f5-03429711e0a7/dashboard 401 - - 7.933 ms
OPTIONS /api/v1/auth/refresh 204 0 - 0.632 ms
POST /api/v1/auth/refresh 500 - - 12.918 ms
OPTIONS /api/v1/auth/school 204 0 - 0.531 ms
POST /api/v1/auth/school 200 771 - 1359.442 ms
GET /api/v1/school-admin/4b37cafd-d57d-470b-89f5-03429711e0a7/dashboard 401 - - 1.454 ms
POST /api/v1/auth/refresh 500 - - 2.333 ms
POST /api/v1/auth/school 200 771 - 376.971 ms
OPTIONS /api/v1/school-admin/4b37cafd-d57d-470b-89f5-03429711e0a7/dashboard 204 0 - 1.292 ms
GET /api/v1/school-admin/4b37cafd-d57d-470b-89f5-03429711e0a7/dashboard 200 776 - 358.885 ms
GET /api/v1/school-admin/4b37cafd-d57d-470b-89f5-03429711e0a7/dashboard 200 776 - 175.907 ms
GET /api/v1/school-admin/4b37cafd-d57d-470b-89f5-03429711e0a7/dashboard 401 - - 2.952 ms
POST /api/v1/auth/refresh 500 - - 2.505 ms
OPTIONS /api/v1/auth/school 204 0 - 2.483 ms
POST /api/v1/auth/school 200 771 - 304.191 ms
OPTIONS /api/v1/school-admin/4b37cafd-d57d-470b-89f5-03429711e0a7/dashboard 204 0 - 0.515 ms
GET /api/v1/school-admin/4b37cafd-d57d-470b-89f5-03429711e0a7/dashboard 200 776 - 465.055 ms
GET /api/v1/school-admin/4b37cafd-d57d-470b-89f5-03429711e0a7/dashboard 200 776 - 331.135 ms
GET /api/v1/school-admin/4b37cafd-d57d-470b-89f5-03429711e0a7/dashboard 200 776 - 166.075 ms
GET /api/v1/school-admin/4b37cafd-d57d-470b-89f5-03429711e0a7/dashboard 401 - - 4.622 ms
OPTIONS /api/v1/auth/refresh 204 0 - 0.393 ms
POST /api/v1/auth/refresh 500 - - 2.576 ms
OPTIONS /api/v1/auth/school 204 0 - 0.414 ms
POST /api/v1/auth/school 200 771 - 277.408 ms
OPTIONS /api/v1/school-admin/4b37cafd-d57d-470b-89f5-03429711e0a7/dashboard 204 0 - 0.312 ms
GET /api/v1/school-admin/4b37cafd-d57d-470b-89f5-03429711e0a7/dashboard 200 776 - 329.632 ms
OPTIONS /api/v1/auth/school 204 0 - 2.322 ms
POST /api/v1/auth/school 200 222 - 341.123 ms
GET /api/v1/school-admin/4b37cafd-d57d-470b-89f5-03429711e0a7/dashboard 200 776 - 568.519 ms
GET /api/v1/school-admin/4b37cafd-d57d-470b-89f5-03429711e0a7/dashboard 200 776 - 560.294 ms
GET /api/v1/school-admin/4b37cafd-d57d-470b-89f5-03429711e0a7/dashboard 200 776 - 408.845 ms
GET /api/v1/school-admin/4b37cafd-d57d-470b-89f5-03429711e0a7/dashboard 200 776 - 195.190 ms
GET /api/v1/school-admin/4b37cafd-d57d-470b-89f5-03429711e0a7/dashboard 200 776 - 200.215 ms
GET /api/v1/school-admin/4b37cafd-d57d-470b-89f5-03429711e0a7/dashboard 401 - - 13.700 ms
OPTIONS /api/v1/auth/refresh 204 0 - 1.560 ms
POST /api/v1/auth/refresh 500 1005 - 1.944 ms
OPTIONS /api/v1/auth/school 204 0 - 2.289 ms
POST /api/v1/auth/school 200 222 - 335.418 ms
GET /api/v1/school-admin/4b37cafd-d57d-470b-89f5-03429711e0a7/dashboard 200 776 - 699.604 ms
POST /api/v1/auth/school 400 1148 - 4.182 ms
POST /api/v1/auth/school 422 1206 - 58.866 ms
POST /api/v1/auth/school 422 1206 - 67.207 ms
POST /api/v1/auth/school 422 1122 - 1066.104 ms
POST /api/v1/auth/school 422 1122 - 2076.335 ms
POST /api/v1/auth/school 422 1122 - 3075.071 ms
POST /api/v1/auth/school 422 1139 - 4066.771 ms
POST /api/v1/auth/school 422 1139 - 5058.849 ms
POST /api/v1/auth/school 422 1139 - 6085.236 ms
POST /api/v1/auth/school 422 1139 - 7076.526 ms
POST /api/v1/auth/school 422 1139 - 8070.147 ms
POST /api/v1/auth/school 422 1139 - 9083.083 ms
POST /api/v1/auth/school 422 1311 - 10086.708 ms
POST /api/v1/auth/school 422 1311 - 10087.904 ms
POST /api/v1/auth/school 422 1311 - 10087.183 ms
POST /api/v1/auth/school 422 1311 - 10087.780 ms
POST /api/v1/auth/school 422 1311 - 10088.413 ms
POST /api/v1/auth/school 422 1311 - 10090.327 ms
POST /api/v1/auth/school 422 1139 - 10092.099 ms
POST /api/v1/auth/school 422 1139 - 10055.398 ms
POST /api/v1/auth/school 422 1311 - 10059.472 ms
POST /api/v1/auth/school 422 1139 - 10061.878 ms
POST /api/v1/auth/school 401 558 - 10377.173 ms
POST /api/v1/auth/school 401 558 - 10378.437 ms
POST /api/v1/auth/school 401 558 - 10383.796 ms
POST /api/v1/auth/school 401 558 - 10393.862 ms
POST /api/v1/auth/school 401 558 - 10595.283 ms
POST /api/v1/auth/school 401 558 - 10599.438 ms
POST /api/v1/auth/school 401 558 - 10600.189 ms
POST /api/v1/auth/school 401 558 - 10627.624 ms
POST /api/v1/auth/school 401 558 - 10281.448 ms
POST /api/v1/auth/school 401 558 - 10284.769 ms
POST /api/v1/auth/school 401 558 - 10282.346 ms
POST /api/v1/auth/school 401 558 - 10281.218 ms
POST /api/v1/auth/school 401 558 - 10285.707 ms
POST /api/v1/auth/school 401 558 - 10276.816 ms
POST /api/v1/auth/school 500 1157 - 61.490 ms
POST /api/v1/auth/school 500 1157 - 61.445 ms
POST /api/v1/auth/school 500 1157 - 60.603 ms
POST /api/v1/auth/school 500 939 - 1069.433 ms
POST /api/v1/auth/school 500 939 - 2065.883 ms
POST /api/v1/auth/school 500 939 - 3060.820 ms
POST /api/v1/auth/school 500 939 - 4064.558 ms
POST /api/v1/auth/school 500 939 - 5063.034 ms
POST /api/v1/auth/school 500 939 - 6056.927 ms
POST /api/v1/auth/school 500 939 - 7055.459 ms
POST /api/v1/auth/school 500 939 - 8057.522 ms
POST /api/v1/auth/school 500 939 - 9057.631 ms
POST /api/v1/auth/school 500 939 - 10069.640 ms
POST /api/v1/auth/school 500 939 - 10070.119 ms
POST /api/v1/auth/school 500 939 - 10069.971 ms
POST /api/v1/auth/school 500 939 - 10070.237 ms
POST /api/v1/auth/school 500 939 - 10070.654 ms
POST /api/v1/auth/school 500 939 - 10071.082 ms
POST /api/v1/auth/school 500 939 - 10071.426 ms
POST /api/v1/auth/school 500 939 - 10072.174 ms
POST /api/v1/auth/school 500 939 - 10072.630 ms
POST /api/v1/auth/school 500 939 - 10073.199 ms
POST /api/v1/auth/school 500 939 - 10073.579 ms
POST /api/v1/auth/school 500 939 - 10074.053 ms
POST /api/v1/auth/school 500 939 - 10053.224 ms
POST /api/v1/auth/school 500 939 - 10053.469 ms
POST /api/v1/auth/school 500 939 - 10053.968 ms
POST /api/v1/auth/school 500 939 - 10054.789 ms
POST /api/v1/auth/school 500 939 - 10041.944 ms
POST /api/v1/auth/school 500 939 - 10054.647 ms
POST /api/v1/auth/school 500 939 - 10083.074 ms
POST /api/v1/auth/school 500 939 - 10077.139 ms
POST /api/v1/auth/school 500 939 - 10078.758 ms
POST /api/v1/auth/school 500 939 - 10080.709 ms
POST /api/v1/auth/school 500 939 - 10081.825 ms
POST /api/v1/auth/school 500 939 - 10082.866 ms
POST /api/v1/auth/school 500 939 - 10085.113 ms
POST /api/v1/auth/school 500 939 - 10087.713 ms
POST /api/v1/auth/school 500 939 - 10089.559 ms
POST /api/v1/auth/school 500 939 - 10093.232 ms
POST /api/v1/auth/school 500 939 - 10094.670 ms
POST /api/v1/auth/school 500 939 - 10096.208 ms
POST /api/v1/auth/school 500 939 - 10098.071 ms
POST /api/v1/auth/school 500 939 - 10099.296 ms
POST /api/v1/auth/school 500 939 - 10100.362 ms
POST /api/v1/auth/school 500 939 - 10101.038 ms
POST /api/v1/auth/school 500 939 - 10101.995 ms
POST /api/v1/auth/school 500 939 - 10103.077 ms
POST /api/v1/auth/school 500 939 - 10104.284 ms
POST /api/v1/auth/school 500 939 - 10104.624 ms
POST /api/v1/auth/school 500 939 - 10104.943 ms
POST /api/v1/auth/school 500 939 - 10105.447 ms
POST /api/v1/auth/school 500 939 - 10106.019 ms
POST /api/v1/auth/school 500 939 - 10106.574 ms
POST /api/v1/auth/school 500 939 - 10068.732 ms
POST /api/v1/auth/school 500 939 - 10066.841 ms
POST /api/v1/auth/school 500 939 - 10066.849 ms
POST /api/v1/auth/school 500 939 - 10067.343 ms
POST /api/v1/auth/school 500 939 - 10068.560 ms
POST /api/v1/auth/school 500 939 - 10069.101 ms
POST /api/v1/auth/school 422 1223 - 10125.963 ms
POST /api/v1/auth/school 422 1223 - 10117.557 ms
POST /api/v1/auth/school 429 136 - 10118.156 ms
POST /api/v1/auth/school 429 136 - 10118.237 ms
POST /api/v1/auth/school 429 136 - 10118.536 ms
POST /api/v1/auth/school 429 136 - 10118.787 ms
POST /api/v1/auth/school 429 136 - 10118.382 ms
POST /api/v1/auth/school 429 136 - 10118.451 ms
POST /api/v1/auth/school 429 136 - 10119.908 ms
POST /api/v1/auth/school 429 136 - 10120.163 ms
POST /api/v1/auth/school 429 136 - 10122.089 ms
POST /api/v1/auth/school 429 136 - 10121.799 ms
POST /api/v1/auth/school 429 136 - 10121.868 ms
POST /api/v1/auth/school 429 136 - 10122.279 ms
POST /api/v1/auth/school 429 136 - 10123.028 ms
POST /api/v1/auth/school 429 136 - 10123.723 ms
POST /api/v1/auth/school 429 136 - 10123.522 ms
POST /api/v1/auth/school 429 136 - 10123.882 ms
POST /api/v1/auth/school 429 136 - 10124.326 ms
POST /api/v1/auth/school 429 136 - 10124.630 ms
POST /api/v1/auth/school 422 1223 - 10137.081 ms
POST /api/v1/auth/school 422 1223 - 10135.520 ms
POST /api/v1/auth/school 422 1223 - 10134.906 ms
POST /api/v1/auth/school 429 136 - 10142.616 ms
POST /api/v1/auth/school 429 136 - 10176.271 ms
POST /api/v1/auth/school 429 136 - 10177.068 ms
POST /api/v1/auth/school 429 136 - 10175.780 ms
POST /api/v1/auth/school 429 136 - 10176.218 ms
POST /api/v1/auth/school 429 136 - 10176.113 ms
POST /api/v1/auth/school 429 136 - 10176.035 ms
GET /health 200 86 - 3.345 ms
GET /api/health 200 246 - 49.869 ms
POST /api/v1/auth/send-otp 200 109 - 812.447 ms
POST /api/v1/auth/send-otp 200 128 - 900.105 ms
POST /api/v1/auth/verify-otp 400 - - 705.354 ms
POST /api/v1/auth/verify-otp 400 652 - 718.788 ms
POST /api/v1/auth/send-otp 400 1439 - 4.521 ms
POST /api/v1/auth/send-otp 200 128 - 371.321 ms
POST /api/v1/auth/verify-otp 400 2521 - 246.076 ms
GET /health 200 85 - 3.415 ms
POST /api/v1/auth/send-otp 200 128 - 242.420 ms
POST /api/v1/auth/verify-otp 400 2521 - 363.954 ms
POST /api/v1/auth/send-otp 200 128 - 299.431 ms
POST /api/v1/auth/verify-otp 400 2521 - 265.487 ms
POST /api/v1/auth/send-otp 200 128 - 259.391 ms
POST /api/v1/auth/verify-otp 429 136 - 49.522 ms
POST /api/v1/auth/send-otp 200 128 - 223.935 ms
POST /api/v1/auth/verify-otp 400 2521 - 207.363 ms
POST /api/v1/auth/send-otp 200 128 - 579.462 ms
POST /api/v1/auth/verify-otp 400 - - 549.833 ms
POST /api/v1/auth/send-otp 429 680 - 126.832 ms
POST /api/v1/auth/send-otp 429 680 - 114.779 ms
POST /api/v1/auth/send-otp 429 680 - 110.943 ms
POST /api/v1/auth/send-otp 429 680 - 92.751 ms
POST /api/v1/auth/send-otp 429 680 - 92.490 ms
POST /api/v1/auth/send-otp 200 128 - 390.986 ms
POST /api/v1/auth/verify-otp 400 2521 - 265.382 ms
